<?xml version="1.0" encoding="UTF-8"?>
<!-- Generated by org.testng.reporters.JUnitReportReporter -->
<testsuite hostname="Rishi" failures="0" tests="1" name="com.amazon.qa.testcases.HomePageTest" time="35.259" errors="0" timestamp="2023-12-10T18:12:26 EST" skipped="0">
  <testcase classname="com.amazon.qa.testcases.HomePageTest" name="Add_To_Cart_Ft" time="35.259"/>
</testsuite> <!-- com.amazon.qa.testcases.HomePageTest -->
