<?xml version="1.0" encoding="UTF-8"?>
<!-- Generated by org.testng.reporters.JUnitReportReporter -->
<testsuite hostname="Rishi" failures="0" tests="3" name="com.amazon.qa.testcases.AwsPageTest" time="51.670" errors="0" timestamp="2023-12-10T13:44:10 EST" skipped="0">
  <testcase classname="com.amazon.qa.testcases.AwsPageTest" name="validateText" time="17.409"/>
  <testcase classname="com.amazon.qa.testcases.AwsPageTest" name="ValidateAwsPageTitle" time="15.782"/>
  <testcase classname="com.amazon.qa.testcases.AwsPageTest" name="ImageValidations" time="18.479"/>
</testsuite> <!-- com.amazon.qa.testcases.AwsPageTest -->
