<?xml version="1.0" encoding="UTF-8"?>
<!-- Generated by org.testng.reporters.JUnitReportReporter -->
<testsuite hostname="Rishi" failures="0" tests="1" name="com.amazon.qa.testdata.HomePageTest" time="12.798" errors="0" timestamp="2023-11-27T22:08:55 EST" skipped="0">
  <testcase classname="com.amazon.qa.testdata.HomePageTest" name="ValidateNumberOfLinksInHeader" time="12.798"/>
</testsuite> <!-- com.amazon.qa.testdata.HomePageTest -->
